<?xml version="1.0" encoding="UTF-8"?>
<!-- Generated by org.testng.reporters.JUnitXMLReporter -->
<testsuite hostname="DESKTOP-NQH07IS" ignored="0" name="Default test" tests="18" failures="0" timestamp="07 Dec 2017 22:54:44 GMT" time="20.032" errors="0">
  <testcase name="ClerkLogin" time="0.831" classname="org.com5104.testngselenium.NewTest1"/>
  <testcase name="CreateStudentS1" time="1.594" classname="org.com5104.testngselenium.NewTest1"/>
  <testcase name="CreateCourseC1" time="1.762" classname="org.com5104.testngselenium.NewTest1"/>
  <testcase name="DeleteStudentS1" time="0.75" classname="org.com5104.testngselenium.NewTest1"/>
  <testcase name="DeleteCourseC1" time="0.755" classname="org.com5104.testngselenium.NewTest1"/>
  <testcase name="CreateCourseC2" time="1.182" classname="org.com5104.testngselenium.NewTest1"/>
  <testcase name="CreateStudentS2" time="0.732" classname="org.com5104.testngselenium.NewTest1"/>
  <testcase name="CreateCourseC3" time="0.952" classname="org.com5104.testngselenium.NewTest1"/>
  <testcase name="CreateStudentS3" time="0.741" classname="org.com5104.testngselenium.NewTest1"/>
  <testcase name="ClerkLogOut" time="0.174" classname="org.com5104.testngselenium.NewTest1"/>
  <testcase name="StudentLoginS2" time="0.551" classname="org.com5104.testngselenium.NewTest1"/>
  <testcase name="StudentS2TakeCourseC2" time="0.866" classname="org.com5104.testngselenium.NewTest1"/>
  <testcase name="StudentS2TakeCourseC3" time="0.342" classname="org.com5104.testngselenium.NewTest1"/>
  <testcase name="StudentS2RegisterForCourseC2" time="0.739" classname="org.com5104.testngselenium.NewTest1"/>
  <testcase name="StudentS2RegisterForCourseC3" time="0.421" classname="org.com5104.testngselenium.NewTest1"/>
  <testcase name="StudentS2DeRegisterForCourseC2" time="0.641" classname="org.com5104.testngselenium.NewTest1"/>
  <testcase name="StudentS2DropCourseC3" time="0.669" classname="org.com5104.testngselenium.NewTest1"/>
  <testcase name="StudentLogOut" time="0.177" classname="org.com5104.testngselenium.NewTest1"/>
</testsuite> <!-- Default test -->
